INFO: Loading data from ./spectra/sn2006mo-20061113.21-fast.flm

INFO: No flux uncertainty detected - optimizing noise parameter.
INFO: Created GP
INFO: 
Name : GP regression
Objective : -204.61232863628106
Number of Parameters : 3
Number of Optimization Parameters : 3
Updates : True
Parameters:
  [1mGP_regression.         [0;0m  |                   value  |  constraints  |  priors
  [1mMat32.variance         [0;0m  |     0.20630649425605624  |      +ve      |        
  [1mMat32.lengthscale      [0;0m  |      313.07748436296845  |      +ve      |        
  [1mGaussian_noise.variance[0;0m  |  0.00027183552267950173  |      +ve      |        
INFO: Removed 265 outliers outside a 3.0-sigma threshold.
INFO: Downsampled from 2414 points with factor of 3.00.

INFO: Flux error added to GPy kernel
INFO: Created GP
INFO: 
Name : GP regression
Objective : -1606.5809761766086
Number of Parameters : 4
Number of Optimization Parameters : 2
Updates : True
Parameters:
  [1mGP_regression.         [0;0m  |                value  |  constraints  |  priors
  [1msum.Mat32.variance     [0;0m  |  0.21098010826300398  |      +ve      |        
  [1msum.Mat32.lengthscale  [0;0m  |   191.12919395166742  |      +ve      |        
  [1msum.fixed.variance     [0;0m  |                  1.0  |   +ve fixed   |        
  [1mGaussian_noise.variance[0;0m  |                1e-06  |   +ve fixed   |        
INFO: Calculations took 0.608 s.
